This file contains any messages produced by compilers while
running configure, to aid debugging if configure makes a mistake.

It was created by remotedisplay configure 1.0, which was
generated by GNU Autoconf 2.69.  Invocation command line was

  $ ./configure 

## --------- ##
## Platform. ##
## --------- ##

hostname = Guo-Zhc
uname -m = x86_64
uname -r = 4.4.0-18362-Microsoft
uname -s = Linux
uname -v = #476-Microsoft Fri Nov 01 16:53:00 PST 2019

/usr/bin/uname -p = unknown
/bin/uname -X     = unknown

/bin/arch              = unknown
/usr/bin/arch -k       = unknown
/usr/convex/getsysinfo = unknown
/usr/bin/hostinfo      = unknown
/bin/machine           = unknown
/usr/bin/oslevel       = unknown
/bin/universe          = unknown

PATH: /usr/local/sbin
PATH: /usr/local/bin
PATH: /usr/sbin
PATH: /usr/bin
PATH: /sbin
PATH: /bin
PATH: /usr/games
PATH: /usr/local/games
PATH: /mnt/c/Program Files/WindowsApps/CanonicalGroupLimited.Ubuntu18.04onWindows_2020.1804.7.0_x64__79rhkp1fndgsc
PATH: /mnt/c/Windows/system32
PATH: /mnt/c/Windows
PATH: /mnt/c/Windows/System32/Wbem
PATH: /mnt/c/Windows/System32/WindowsPowerShell/v1.0/
PATH: /mnt/c/Windows/System32/OpenSSH/
PATH: /mnt/e/Microsoft VS Code/bin
PATH: /mnt/g/Program Files/Git/cmd
PATH: /mnt/g/msys64/mingw64/bin
PATH: /mnt/c/Program Files (x86)/NVIDIA Corporation/PhysX/Common
PATH: /mnt/c/Program Files/NVIDIA Corporation/NVIDIA NvDLISR
PATH: /mnt/c/Program Files/Microsoft SQL Server/130/Tools/Binn/
PATH: /mnt/c/Users/zc_G/AppData/Local/Microsoft/WindowsApps
PATH: /snap/bin


## ----------- ##
## Core tests. ##
## ----------- ##

configure:2358: checking for a BSD-compatible install
configure:2426: result: /usr/bin/install -c
configure:2437: checking whether build environment is sane
configure:2492: result: yes
configure:2643: checking for a thread-safe mkdir -p
configure:2682: result: /bin/mkdir -p
configure:2689: checking for gawk
configure:2705: found /usr/bin/gawk
configure:2716: result: gawk
configure:2727: checking whether make sets $(MAKE)
configure:2749: result: yes
configure:2778: checking whether make supports nested variables
configure:2795: result: yes
configure:2985: checking for g++
configure:3001: found /usr/bin/g++
configure:3012: result: g++
configure:3039: checking for C++ compiler version
configure:3048: g++ --version >&5
g++ (Ubuntu 7.5.0-3ubuntu1~18.04) 7.5.0
Copyright (C) 2017 Free Software Foundation, Inc.
This is free software; see the source for copying conditions.  There is NO
warranty; not even for MERCHANTABILITY or FITNESS FOR A PARTICULAR PURPOSE.

configure:3059: $? = 0
configure:3048: g++ -v >&5
Using built-in specs.
COLLECT_GCC=g++
COLLECT_LTO_WRAPPER=/usr/lib/gcc/x86_64-linux-gnu/7/lto-wrapper
OFFLOAD_TARGET_NAMES=nvptx-none
OFFLOAD_TARGET_DEFAULT=1
Target: x86_64-linux-gnu
Configured with: ../src/configure -v --with-pkgversion='Ubuntu 7.5.0-3ubuntu1~18.04' --with-bugurl=file:///usr/share/doc/gcc-7/README.Bugs --enable-languages=c,ada,c++,go,brig,d,fortran,objc,obj-c++ --prefix=/usr --with-gcc-major-version-only --program-suffix=-7 --program-prefix=x86_64-linux-gnu- --enable-shared --enable-linker-build-id --libexecdir=/usr/lib --without-included-gettext --enable-threads=posix --libdir=/usr/lib --enable-nls --enable-bootstrap --enable-clocale=gnu --enable-libstdcxx-debug --enable-libstdcxx-time=yes --with-default-libstdcxx-abi=new --enable-gnu-unique-object --disable-vtable-verify --enable-libmpx --enable-plugin --enable-default-pie --with-system-zlib --with-target-system-zlib --enable-objc-gc=auto --enable-multiarch --disable-werror --with-arch-32=i686 --with-abi=m64 --with-multilib-list=m32,m64,mx32 --enable-multilib --with-tune=generic --enable-offload-targets=nvptx-none --without-cuda-driver --enable-checking=release --build=x86_64-linux-gnu --host=x86_64-linux-gnu --target=x86_64-linux-gnu
Thread model: posix
gcc version 7.5.0 (Ubuntu 7.5.0-3ubuntu1~18.04) 
configure:3059: $? = 0
configure:3048: g++ -V >&5
g++: error: unrecognized command line option '-V'
g++: fatal error: no input files
compilation terminated.
configure:3059: $? = 1
configure:3048: g++ -qversion >&5
g++: error: unrecognized command line option '-qversion'; did you mean '--version'?
g++: fatal error: no input files
compilation terminated.
configure:3059: $? = 1
configure:3079: checking whether the C++ compiler works
configure:3101: g++    conftest.cpp  >&5
configure:3105: $? = 0
configure:3153: result: yes
configure:3156: checking for C++ compiler default output file name
configure:3158: result: a.out
configure:3164: checking for suffix of executables
configure:3171: g++ -o conftest    conftest.cpp  >&5
configure:3175: $? = 0
configure:3197: result: 
configure:3219: checking whether we are cross compiling
configure:3227: g++ -o conftest    conftest.cpp  >&5
configure:3231: $? = 0
configure:3238: ./conftest
configure:3242: $? = 0
configure:3257: result: no
configure:3262: checking for suffix of object files
configure:3284: g++ -c   conftest.cpp >&5
configure:3288: $? = 0
configure:3309: result: o
configure:3313: checking whether we are using the GNU C++ compiler
configure:3332: g++ -c   conftest.cpp >&5
configure:3332: $? = 0
configure:3341: result: yes
configure:3350: checking whether g++ accepts -g
configure:3370: g++ -c -g  conftest.cpp >&5
configure:3370: $? = 0
configure:3411: result: yes
configure:3445: checking for style of include used by make
configure:3473: result: GNU
configure:3499: checking dependency style of g++
configure:3610: result: gcc3
configure:3673: checking for gcc
configure:3689: found /usr/bin/gcc
configure:3700: result: gcc
configure:3929: checking for C compiler version
configure:3938: gcc --version >&5
gcc (Ubuntu 7.5.0-3ubuntu1~18.04) 7.5.0
Copyright (C) 2017 Free Software Foundation, Inc.
This is free software; see the source for copying conditions.  There is NO
warranty; not even for MERCHANTABILITY or FITNESS FOR A PARTICULAR PURPOSE.

configure:3949: $? = 0
configure:3938: gcc -v >&5
Using built-in specs.
COLLECT_GCC=gcc
COLLECT_LTO_WRAPPER=/usr/lib/gcc/x86_64-linux-gnu/7/lto-wrapper
OFFLOAD_TARGET_NAMES=nvptx-none
OFFLOAD_TARGET_DEFAULT=1
Target: x86_64-linux-gnu
Configured with: ../src/configure -v --with-pkgversion='Ubuntu 7.5.0-3ubuntu1~18.04' --with-bugurl=file:///usr/share/doc/gcc-7/README.Bugs --enable-languages=c,ada,c++,go,brig,d,fortran,objc,obj-c++ --prefix=/usr --with-gcc-major-version-only --program-suffix=-7 --program-prefix=x86_64-linux-gnu- --enable-shared --enable-linker-build-id --libexecdir=/usr/lib --without-included-gettext --enable-threads=posix --libdir=/usr/lib --enable-nls --enable-bootstrap --enable-clocale=gnu --enable-libstdcxx-debug --enable-libstdcxx-time=yes --with-default-libstdcxx-abi=new --enable-gnu-unique-object --disable-vtable-verify --enable-libmpx --enable-plugin --enable-default-pie --with-system-zlib --with-target-system-zlib --enable-objc-gc=auto --enable-multiarch --disable-werror --with-arch-32=i686 --with-abi=m64 --with-multilib-list=m32,m64,mx32 --enable-multilib --with-tune=generic --enable-offload-targets=nvptx-none --without-cuda-driver --enable-checking=release --build=x86_64-linux-gnu --host=x86_64-linux-gnu --target=x86_64-linux-gnu
Thread model: posix
gcc version 7.5.0 (Ubuntu 7.5.0-3ubuntu1~18.04) 
configure:3949: $? = 0
configure:3938: gcc -V >&5
gcc: error: unrecognized command line option '-V'
gcc: fatal error: no input files
compilation terminated.
configure:3949: $? = 1
configure:3938: gcc -qversion >&5
gcc: error: unrecognized command line option '-qversion'; did you mean '--version'?
gcc: fatal error: no input files
compilation terminated.
configure:3949: $? = 1
configure:3953: checking whether we are using the GNU C compiler
configure:3972: gcc -c   conftest.c >&5
configure:3972: $? = 0
configure:3981: result: yes
configure:3990: checking whether gcc accepts -g
configure:4010: gcc -c -g  conftest.c >&5
configure:4010: $? = 0
configure:4051: result: yes
configure:4068: checking for gcc option to accept ISO C89
configure:4131: gcc  -c -g -O2  conftest.c >&5
configure:4131: $? = 0
configure:4144: result: none needed
configure:4169: checking whether gcc understands -c and -o together
configure:4191: gcc -c conftest.c -o conftest2.o
configure:4194: $? = 0
configure:4191: gcc -c conftest.c -o conftest2.o
configure:4194: $? = 0
configure:4206: result: yes
configure:4225: checking dependency style of gcc
configure:4336: result: gcc3
configure:4396: checking for ranlib
configure:4412: found /usr/bin/ranlib
configure:4423: result: ranlib
configure:4453: checking how to run the C preprocessor
configure:4484: gcc -E  conftest.c
configure:4484: $? = 0
configure:4498: gcc -E  conftest.c
conftest.c:11:10: fatal error: ac_nonexistent.h: No such file or directory
 #include <ac_nonexistent.h>
          ^~~~~~~~~~~~~~~~~~
compilation terminated.
configure:4498: $? = 1
configure: failed program was:
| /* confdefs.h */
| #define PACKAGE_NAME "remotedisplay"
| #define PACKAGE_TARNAME "remotedisplay"
| #define PACKAGE_VERSION "1.0"
| #define PACKAGE_STRING "remotedisplay 1.0"
| #define PACKAGE_BUGREPORT "guozc09@163.com"
| #define PACKAGE_URL ""
| #define PACKAGE "remotedisplay"
| #define VERSION "1.0"
| /* end confdefs.h.  */
| #include <ac_nonexistent.h>
configure:4523: result: gcc -E
configure:4543: gcc -E  conftest.c
configure:4543: $? = 0
configure:4557: gcc -E  conftest.c
conftest.c:11:10: fatal error: ac_nonexistent.h: No such file or directory
 #include <ac_nonexistent.h>
          ^~~~~~~~~~~~~~~~~~
compilation terminated.
configure:4557: $? = 1
configure: failed program was:
| /* confdefs.h */
| #define PACKAGE_NAME "remotedisplay"
| #define PACKAGE_TARNAME "remotedisplay"
| #define PACKAGE_VERSION "1.0"
| #define PACKAGE_STRING "remotedisplay 1.0"
| #define PACKAGE_BUGREPORT "guozc09@163.com"
| #define PACKAGE_URL ""
| #define PACKAGE "remotedisplay"
| #define VERSION "1.0"
| /* end confdefs.h.  */
| #include <ac_nonexistent.h>
configure:4586: checking for grep that handles long lines and -e
configure:4644: result: /bin/grep
configure:4649: checking for egrep
configure:4711: result: /bin/grep -E
configure:4716: checking for ANSI C header files
configure:4736: gcc -c -g -O2  conftest.c >&5
configure:4736: $? = 0
configure:4809: gcc -o conftest -g -O2   conftest.c  >&5
configure:4809: $? = 0
configure:4809: ./conftest
configure:4809: $? = 0
configure:4820: result: yes
configure:4833: checking for sys/types.h
configure:4833: gcc -c -g -O2  conftest.c >&5
configure:4833: $? = 0
configure:4833: result: yes
configure:4833: checking for sys/stat.h
configure:4833: gcc -c -g -O2  conftest.c >&5
configure:4833: $? = 0
configure:4833: result: yes
configure:4833: checking for stdlib.h
configure:4833: gcc -c -g -O2  conftest.c >&5
configure:4833: $? = 0
configure:4833: result: yes
configure:4833: checking for string.h
configure:4833: gcc -c -g -O2  conftest.c >&5
configure:4833: $? = 0
configure:4833: result: yes
configure:4833: checking for memory.h
configure:4833: gcc -c -g -O2  conftest.c >&5
configure:4833: $? = 0
configure:4833: result: yes
configure:4833: checking for strings.h
configure:4833: gcc -c -g -O2  conftest.c >&5
configure:4833: $? = 0
configure:4833: result: yes
configure:4833: checking for inttypes.h
configure:4833: gcc -c -g -O2  conftest.c >&5
configure:4833: $? = 0
configure:4833: result: yes
configure:4833: checking for stdint.h
configure:4833: gcc -c -g -O2  conftest.c >&5
configure:4833: $? = 0
configure:4833: result: yes
configure:4833: checking for unistd.h
configure:4833: gcc -c -g -O2  conftest.c >&5
configure:4833: $? = 0
configure:4833: result: yes
configure:4848: checking arpa/inet.h usability
configure:4848: gcc -c -g -O2  conftest.c >&5
configure:4848: $? = 0
configure:4848: result: yes
configure:4848: checking arpa/inet.h presence
configure:4848: gcc -E  conftest.c
configure:4848: $? = 0
configure:4848: result: yes
configure:4848: checking for arpa/inet.h
configure:4848: result: yes
configure:4848: checking netinet/in.h usability
configure:4848: gcc -c -g -O2  conftest.c >&5
configure:4848: $? = 0
configure:4848: result: yes
configure:4848: checking netinet/in.h presence
configure:4848: gcc -E  conftest.c
configure:4848: $? = 0
configure:4848: result: yes
configure:4848: checking for netinet/in.h
configure:4848: result: yes
configure:4848: checking stddef.h usability
configure:4848: gcc -c -g -O2  conftest.c >&5
configure:4848: $? = 0
configure:4848: result: yes
configure:4848: checking stddef.h presence
configure:4848: gcc -E  conftest.c
configure:4848: $? = 0
configure:4848: result: yes
configure:4848: checking for stddef.h
configure:4848: result: yes
configure:4848: checking for stdint.h
configure:4848: result: yes
configure:4848: checking for stdlib.h
configure:4848: result: yes
configure:4848: checking for string.h
configure:4848: result: yes
configure:4848: checking sys/socket.h usability
configure:4848: gcc -c -g -O2  conftest.c >&5
configure:4848: $? = 0
configure:4848: result: yes
configure:4848: checking sys/socket.h presence
configure:4848: gcc -E  conftest.c
configure:4848: $? = 0
configure:4848: result: yes
configure:4848: checking for sys/socket.h
configure:4848: result: yes
configure:4848: checking for unistd.h
configure:4848: result: yes
configure:4860: checking for stdbool.h that conforms to C99
configure:4927: gcc -c -g -O2  conftest.c >&5
configure:4927: $? = 0
configure:4934: result: yes
configure:4936: checking for _Bool
configure:4936: gcc -c -g -O2  conftest.c >&5
configure:4936: $? = 0
configure:4936: gcc -c -g -O2  conftest.c >&5
conftest.c: In function 'main':
conftest.c:65:20: error: expected expression before ')' token
 if (sizeof ((_Bool)))
                    ^
configure:4936: $? = 1
configure: failed program was:
| /* confdefs.h */
| #define PACKAGE_NAME "remotedisplay"
| #define PACKAGE_TARNAME "remotedisplay"
| #define PACKAGE_VERSION "1.0"
| #define PACKAGE_STRING "remotedisplay 1.0"
| #define PACKAGE_BUGREPORT "guozc09@163.com"
| #define PACKAGE_URL ""
| #define PACKAGE "remotedisplay"
| #define VERSION "1.0"
| #define STDC_HEADERS 1
| #define HAVE_SYS_TYPES_H 1
| #define HAVE_SYS_STAT_H 1
| #define HAVE_STDLIB_H 1
| #define HAVE_STRING_H 1
| #define HAVE_MEMORY_H 1
| #define HAVE_STRINGS_H 1
| #define HAVE_INTTYPES_H 1
| #define HAVE_STDINT_H 1
| #define HAVE_UNISTD_H 1
| #define HAVE_ARPA_INET_H 1
| #define HAVE_NETINET_IN_H 1
| #define HAVE_STDDEF_H 1
| #define HAVE_STDINT_H 1
| #define HAVE_STDLIB_H 1
| #define HAVE_STRING_H 1
| #define HAVE_SYS_SOCKET_H 1
| #define HAVE_UNISTD_H 1
| /* end confdefs.h.  */
| #include <stdio.h>
| #ifdef HAVE_SYS_TYPES_H
| # include <sys/types.h>
| #endif
| #ifdef HAVE_SYS_STAT_H
| # include <sys/stat.h>
| #endif
| #ifdef STDC_HEADERS
| # include <stdlib.h>
| # include <stddef.h>
| #else
| # ifdef HAVE_STDLIB_H
| #  include <stdlib.h>
| # endif
| #endif
| #ifdef HAVE_STRING_H
| # if !defined STDC_HEADERS && defined HAVE_MEMORY_H
| #  include <memory.h>
| # endif
| # include <string.h>
| #endif
| #ifdef HAVE_STRINGS_H
| # include <strings.h>
| #endif
| #ifdef HAVE_INTTYPES_H
| # include <inttypes.h>
| #endif
| #ifdef HAVE_STDINT_H
| # include <stdint.h>
| #endif
| #ifdef HAVE_UNISTD_H
| # include <unistd.h>
| #endif
| int
| main ()
| {
| if (sizeof ((_Bool)))
| 	    return 0;
|   ;
|   return 0;
| }
configure:4936: result: yes
configure:4947: checking for size_t
configure:4947: gcc -c -g -O2  conftest.c >&5
configure:4947: $? = 0
configure:4947: gcc -c -g -O2  conftest.c >&5
conftest.c: In function 'main':
conftest.c:66:21: error: expected expression before ')' token
 if (sizeof ((size_t)))
                     ^
configure:4947: $? = 1
configure: failed program was:
| /* confdefs.h */
| #define PACKAGE_NAME "remotedisplay"
| #define PACKAGE_TARNAME "remotedisplay"
| #define PACKAGE_VERSION "1.0"
| #define PACKAGE_STRING "remotedisplay 1.0"
| #define PACKAGE_BUGREPORT "guozc09@163.com"
| #define PACKAGE_URL ""
| #define PACKAGE "remotedisplay"
| #define VERSION "1.0"
| #define STDC_HEADERS 1
| #define HAVE_SYS_TYPES_H 1
| #define HAVE_SYS_STAT_H 1
| #define HAVE_STDLIB_H 1
| #define HAVE_STRING_H 1
| #define HAVE_MEMORY_H 1
| #define HAVE_STRINGS_H 1
| #define HAVE_INTTYPES_H 1
| #define HAVE_STDINT_H 1
| #define HAVE_UNISTD_H 1
| #define HAVE_ARPA_INET_H 1
| #define HAVE_NETINET_IN_H 1
| #define HAVE_STDDEF_H 1
| #define HAVE_STDINT_H 1
| #define HAVE_STDLIB_H 1
| #define HAVE_STRING_H 1
| #define HAVE_SYS_SOCKET_H 1
| #define HAVE_UNISTD_H 1
| #define HAVE__BOOL 1
| /* end confdefs.h.  */
| #include <stdio.h>
| #ifdef HAVE_SYS_TYPES_H
| # include <sys/types.h>
| #endif
| #ifdef HAVE_SYS_STAT_H
| # include <sys/stat.h>
| #endif
| #ifdef STDC_HEADERS
| # include <stdlib.h>
| # include <stddef.h>
| #else
| # ifdef HAVE_STDLIB_H
| #  include <stdlib.h>
| # endif
| #endif
| #ifdef HAVE_STRING_H
| # if !defined STDC_HEADERS && defined HAVE_MEMORY_H
| #  include <memory.h>
| # endif
| # include <string.h>
| #endif
| #ifdef HAVE_STRINGS_H
| # include <strings.h>
| #endif
| #ifdef HAVE_INTTYPES_H
| # include <inttypes.h>
| #endif
| #ifdef HAVE_STDINT_H
| # include <stdint.h>
| #endif
| #ifdef HAVE_UNISTD_H
| # include <unistd.h>
| #endif
| int
| main ()
| {
| if (sizeof ((size_t)))
| 	    return 0;
|   ;
|   return 0;
| }
configure:4947: result: yes
configure:4958: checking for uint32_t
configure:4958: gcc -c -g -O2  conftest.c >&5
configure:4958: $? = 0
configure:4958: result: yes
configure:4972: checking for uint8_t
configure:4972: gcc -c -g -O2  conftest.c >&5
configure:4972: $? = 0
configure:4972: result: yes
configure:4990: checking for stdlib.h
configure:4990: result: yes
configure:5000: checking for GNU libc compatible realloc
configure:5024: gcc -o conftest -g -O2   conftest.c  >&5
configure:5024: $? = 0
configure:5024: ./conftest
configure:5024: $? = 0
configure:5034: result: yes
configure:5058: checking for memset
configure:5058: gcc -o conftest -g -O2   conftest.c  >&5
conftest.c:55:6: warning: conflicting types for built-in function 'memset' [-Wbuiltin-declaration-mismatch]
 char memset ();
      ^~~~~~
configure:5058: $? = 0
configure:5058: result: yes
configure:5058: checking for socket
configure:5058: gcc -o conftest -g -O2   conftest.c  >&5
configure:5058: $? = 0
configure:5058: result: yes
configure:5058: checking for strerror
configure:5058: gcc -o conftest -g -O2   conftest.c  >&5
configure:5058: $? = 0
configure:5058: result: yes
configure:5179: checking that generated files are newer than configure
configure:5185: result: done
configure:5212: creating ./config.status

## ---------------------- ##
## Running config.status. ##
## ---------------------- ##

This file was extended by remotedisplay config.status 1.0, which was
generated by GNU Autoconf 2.69.  Invocation command line was

  CONFIG_FILES    = 
  CONFIG_HEADERS  = 
  CONFIG_LINKS    = 
  CONFIG_COMMANDS = 
  $ ./config.status 

on Guo-Zhc

config.status:874: creating Makefile
config.status:874: creating config.h
config.status:1103: executing depfiles commands

## ---------------- ##
## Cache variables. ##
## ---------------- ##

ac_cv_c_compiler_gnu=yes
ac_cv_c_uint32_t=yes
ac_cv_c_uint8_t=yes
ac_cv_cxx_compiler_gnu=yes
ac_cv_env_CCC_set=
ac_cv_env_CCC_value=
ac_cv_env_CC_set=
ac_cv_env_CC_value=
ac_cv_env_CFLAGS_set=
ac_cv_env_CFLAGS_value=
ac_cv_env_CPPFLAGS_set=
ac_cv_env_CPPFLAGS_value=
ac_cv_env_CPP_set=
ac_cv_env_CPP_value=
ac_cv_env_CXXFLAGS_set=
ac_cv_env_CXXFLAGS_value=
ac_cv_env_CXX_set=
ac_cv_env_CXX_value=
ac_cv_env_LDFLAGS_set=
ac_cv_env_LDFLAGS_value=
ac_cv_env_LIBS_set=
ac_cv_env_LIBS_value=
ac_cv_env_build_alias_set=
ac_cv_env_build_alias_value=
ac_cv_env_host_alias_set=
ac_cv_env_host_alias_value=
ac_cv_env_target_alias_set=
ac_cv_env_target_alias_value=
ac_cv_func_memset=yes
ac_cv_func_realloc_0_nonnull=yes
ac_cv_func_socket=yes
ac_cv_func_strerror=yes
ac_cv_header_arpa_inet_h=yes
ac_cv_header_inttypes_h=yes
ac_cv_header_memory_h=yes
ac_cv_header_netinet_in_h=yes
ac_cv_header_stdbool_h=yes
ac_cv_header_stdc=yes
ac_cv_header_stddef_h=yes
ac_cv_header_stdint_h=yes
ac_cv_header_stdlib_h=yes
ac_cv_header_string_h=yes
ac_cv_header_strings_h=yes
ac_cv_header_sys_socket_h=yes
ac_cv_header_sys_stat_h=yes
ac_cv_header_sys_types_h=yes
ac_cv_header_unistd_h=yes
ac_cv_objext=o
ac_cv_path_EGREP='/bin/grep -E'
ac_cv_path_GREP=/bin/grep
ac_cv_path_install='/usr/bin/install -c'
ac_cv_path_mkdir=/bin/mkdir
ac_cv_prog_AWK=gawk
ac_cv_prog_CPP='gcc -E'
ac_cv_prog_ac_ct_CC=gcc
ac_cv_prog_ac_ct_CXX=g++
ac_cv_prog_ac_ct_RANLIB=ranlib
ac_cv_prog_cc_c89=
ac_cv_prog_cc_g=yes
ac_cv_prog_cxx_g=yes
ac_cv_prog_make_make_set=yes
ac_cv_type__Bool=yes
ac_cv_type_size_t=yes
am_cv_CC_dependencies_compiler_type=gcc3
am_cv_CXX_dependencies_compiler_type=gcc3
am_cv_make_support_nested_variables=yes
am_cv_prog_cc_c_o=yes

## ----------------- ##
## Output variables. ##
## ----------------- ##

ACLOCAL='${SHELL} /home/zhcguo/LinuxMount/remote_display/missing aclocal-1.15'
AMDEPBACKSLASH='\'
AMDEP_FALSE='#'
AMDEP_TRUE=''
AMTAR='$${TAR-tar}'
AM_BACKSLASH='\'
AM_DEFAULT_V='$(AM_DEFAULT_VERBOSITY)'
AM_DEFAULT_VERBOSITY='1'
AM_V='$(V)'
AUTOCONF='${SHELL} /home/zhcguo/LinuxMount/remote_display/missing autoconf'
AUTOHEADER='${SHELL} /home/zhcguo/LinuxMount/remote_display/missing autoheader'
AUTOMAKE='${SHELL} /home/zhcguo/LinuxMount/remote_display/missing automake-1.15'
AWK='gawk'
CC='gcc'
CCDEPMODE='depmode=gcc3'
CFLAGS='-g -O2'
CPP='gcc -E'
CPPFLAGS=''
CXX='g++'
CXXDEPMODE='depmode=gcc3'
CXXFLAGS='-g -O2'
CYGPATH_W='echo'
DEFS='-DHAVE_CONFIG_H'
DEPDIR='.deps'
ECHO_C=''
ECHO_N='-n'
ECHO_T=''
EGREP='/bin/grep -E'
EXEEXT=''
GREP='/bin/grep'
INSTALL_DATA='${INSTALL} -m 644'
INSTALL_PROGRAM='${INSTALL}'
INSTALL_SCRIPT='${INSTALL}'
INSTALL_STRIP_PROGRAM='$(install_sh) -c -s'
LDFLAGS=''
LIBOBJS=''
LIBS=''
LTLIBOBJS=''
MAKEINFO='${SHELL} /home/zhcguo/LinuxMount/remote_display/missing makeinfo'
MKDIR_P='/bin/mkdir -p'
OBJEXT='o'
PACKAGE='remotedisplay'
PACKAGE_BUGREPORT='guozc09@163.com'
PACKAGE_NAME='remotedisplay'
PACKAGE_STRING='remotedisplay 1.0'
PACKAGE_TARNAME='remotedisplay'
PACKAGE_URL=''
PACKAGE_VERSION='1.0'
PATH_SEPARATOR=':'
RANLIB='ranlib'
SET_MAKE=''
SHELL='/bin/bash'
STRIP=''
VERSION='1.0'
ac_ct_CC='gcc'
ac_ct_CXX='g++'
am__EXEEXT_FALSE=''
am__EXEEXT_TRUE='#'
am__fastdepCC_FALSE='#'
am__fastdepCC_TRUE=''
am__fastdepCXX_FALSE='#'
am__fastdepCXX_TRUE=''
am__include='include'
am__isrc=''
am__leading_dot='.'
am__nodep='_no'
am__quote=''
am__tar='$${TAR-tar} chof - "$$tardir"'
am__untar='$${TAR-tar} xf -'
bindir='${exec_prefix}/bin'
build_alias=''
datadir='${datarootdir}'
datarootdir='${prefix}/share'
docdir='${datarootdir}/doc/${PACKAGE_TARNAME}'
dvidir='${docdir}'
exec_prefix='${prefix}'
host_alias=''
htmldir='${docdir}'
includedir='${prefix}/include'
infodir='${datarootdir}/info'
install_sh='${SHELL} /home/zhcguo/LinuxMount/remote_display/install-sh'
libdir='${exec_prefix}/lib'
libexecdir='${exec_prefix}/libexec'
localedir='${datarootdir}/locale'
localstatedir='${prefix}/var'
mandir='${datarootdir}/man'
mkdir_p='$(MKDIR_P)'
oldincludedir='/usr/include'
pdfdir='${docdir}'
prefix='/usr/local'
program_transform_name='s,x,x,'
psdir='${docdir}'
runstatedir='${localstatedir}/run'
sbindir='${exec_prefix}/sbin'
sharedstatedir='${prefix}/com'
sysconfdir='${prefix}/etc'
target_alias=''

## ----------- ##
## confdefs.h. ##
## ----------- ##

/* confdefs.h */
#define PACKAGE_NAME "remotedisplay"
#define PACKAGE_TARNAME "remotedisplay"
#define PACKAGE_VERSION "1.0"
#define PACKAGE_STRING "remotedisplay 1.0"
#define PACKAGE_BUGREPORT "guozc09@163.com"
#define PACKAGE_URL ""
#define PACKAGE "remotedisplay"
#define VERSION "1.0"
#define STDC_HEADERS 1
#define HAVE_SYS_TYPES_H 1
#define HAVE_SYS_STAT_H 1
#define HAVE_STDLIB_H 1
#define HAVE_STRING_H 1
#define HAVE_MEMORY_H 1
#define HAVE_STRINGS_H 1
#define HAVE_INTTYPES_H 1
#define HAVE_STDINT_H 1
#define HAVE_UNISTD_H 1
#define HAVE_ARPA_INET_H 1
#define HAVE_NETINET_IN_H 1
#define HAVE_STDDEF_H 1
#define HAVE_STDINT_H 1
#define HAVE_STDLIB_H 1
#define HAVE_STRING_H 1
#define HAVE_SYS_SOCKET_H 1
#define HAVE_UNISTD_H 1
#define HAVE__BOOL 1
#define HAVE_STDLIB_H 1
#define HAVE_REALLOC 1
#define HAVE_MEMSET 1
#define HAVE_SOCKET 1
#define HAVE_STRERROR 1

configure: exit 0
